<?xml version="1.0" encoding="UTF-8"?>
<!-- Generated by org.testng.reporters.JUnitXMLReporter -->
<testsuite hostname="DESKTOP-SEL0MOP" name="Test" tests="1" failures="1" timestamp="16 Feb 2021 08:58:16 GMT" time="59.803" errors="0">
  <testcase name="TestCase_One" time="10.79" classname="TestCaseExecution.LoginTest">
    <failure type="junit.framework.AssertionFailedError">
      <![CDATA[junit.framework.AssertionFailedError
	at junit.framework.Assert.fail(Assert.java:47)
	at junit.framework.Assert.assertTrue(Assert.java:20)
	at junit.framework.Assert.assertFalse(Assert.java:34)
	at junit.framework.Assert.assertFalse(Assert.java:41)
	at TestCaseExecution.LoginTest.TestCase_One(LoginTest.java:86)
... Removed 24 stack frames]]>
    </failure>
  </testcase> <!-- TestCase_One -->
</testsuite> <!-- Test -->
