<?xml version="1.0" encoding="UTF-8"?>
<!-- Generated by org.testng.reporters.JUnitXMLReporter -->
<testsuite hostname="DESKTOP-SEL0MOP" name="Test" tests="1" failures="1" timestamp="10 Feb 2021 08:59:37 GMT" time="77.895" errors="0">
  <testcase name="TestCase_One" time="10.809" classname="TestCaseExecution.LoginTest">
    <failure type="junit.framework.AssertionFailedError">
      <![CDATA[junit.framework.AssertionFailedError
	at junit.framework.Assert.fail(Assert.java:47)
	at junit.framework.Assert.assertTrue(Assert.java:20)
	at junit.framework.Assert.assertFalse(Assert.java:34)
	at junit.framework.Assert.assertFalse(Assert.java:41)
	at TestCaseExecution.LoginTest.TestCase_One(LoginTest.java:80)
... Removed 28 stack frames]]>
    </failure>
  </testcase> <!-- TestCase_One -->
</testsuite> <!-- Test -->
