<?xml version="1.0" encoding="UTF-8"?>
<testng-results skipped="0" failed="1" total="1" passed="0">
  <reporter-output>
  </reporter-output>
  <suite name="Suite" duration-ms="59803" started-at="2021-02-16T08:57:16Z" finished-at="2021-02-16T08:58:16Z">
    <groups>
    </groups>
    <test name="Test" duration-ms="59803" started-at="2021-02-16T08:57:16Z" finished-at="2021-02-16T08:58:16Z">
      <class name="TestCaseExecution.LoginTest">
        <test-method status="PASS" signature="setextentreport()[pri:0, instance:TestCaseExecution.LoginTest@343f4d3d]" name="setextentreport" is-config="true" duration-ms="476" started-at="2021-02-16T08:57:16Z" finished-at="2021-02-16T08:57:16Z">
          <reporter-output>
          </reporter-output>
        </test-method> <!-- setextentreport -->
        <test-method status="PASS" signature="openbrowser()[pri:0, instance:TestCaseExecution.LoginTest@343f4d3d]" name="openbrowser" is-config="true" duration-ms="27165" started-at="2021-02-16T08:57:16Z" finished-at="2021-02-16T08:57:44Z">
          <reporter-output>
          </reporter-output>
        </test-method> <!-- openbrowser -->
        <test-method status="FAIL" signature="TestCase_One()[pri:0, instance:TestCaseExecution.LoginTest@343f4d3d]" name="TestCase_One" duration-ms="10790" started-at="2021-02-16T08:57:44Z" finished-at="2021-02-16T08:57:54Z">
          <exception class="junit.framework.AssertionFailedError">
            <full-stacktrace>
              <![CDATA[junit.framework.AssertionFailedError
	at junit.framework.Assert.fail(Assert.java:47)
	at junit.framework.Assert.assertTrue(Assert.java:20)
	at junit.framework.Assert.assertFalse(Assert.java:34)
	at junit.framework.Assert.assertFalse(Assert.java:41)
	at TestCaseExecution.LoginTest.TestCase_One(LoginTest.java:86)
	at sun.reflect.NativeMethodAccessorImpl.invoke0(Native Method)
	at sun.reflect.NativeMethodAccessorImpl.invoke(Unknown Source)
	at sun.reflect.DelegatingMethodAccessorImpl.invoke(Unknown Source)
	at java.lang.reflect.Method.invoke(Unknown Source)
	at org.testng.internal.MethodInvocationHelper.invokeMethod(MethodInvocationHelper.java:85)
	at org.testng.internal.Invoker.invokeMethod(Invoker.java:639)
	at org.testng.internal.Invoker.invokeTestMethod(Invoker.java:816)
	at org.testng.internal.Invoker.invokeTestMethods(Invoker.java:1124)
	at org.testng.internal.TestMethodWorker.invokeTestMethods(TestMethodWorker.java:125)
	at org.testng.internal.TestMethodWorker.run(TestMethodWorker.java:108)
	at org.testng.TestRunner.privateRun(TestRunner.java:774)
	at org.testng.TestRunner.run(TestRunner.java:624)
	at org.testng.SuiteRunner.runTest(SuiteRunner.java:359)
	at org.testng.SuiteRunner.runSequentially(SuiteRunner.java:354)
	at org.testng.SuiteRunner.privateRun(SuiteRunner.java:312)
	at org.testng.SuiteRunner.run(SuiteRunner.java:261)
	at org.testng.SuiteRunnerWorker.runSuite(SuiteRunnerWorker.java:52)
	at org.testng.SuiteRunnerWorker.run(SuiteRunnerWorker.java:86)
	at org.testng.TestNG.runSuitesSequentially(TestNG.java:1215)
	at org.testng.TestNG.runSuitesLocally(TestNG.java:1140)
	at org.testng.TestNG.run(TestNG.java:1048)
	at org.testng.remote.AbstractRemoteTestNG.run(AbstractRemoteTestNG.java:132)
	at org.testng.remote.RemoteTestNG.initAndRun(RemoteTestNG.java:236)
	at org.testng.remote.RemoteTestNG.main(RemoteTestNG.java:81)
]]>
            </full-stacktrace>
          </exception> <!-- junit.framework.AssertionFailedError -->
          <reporter-output>
          </reporter-output>
        </test-method> <!-- TestCase_One -->
        <test-method status="PASS" signature="tearDown(org.testng.ITestResult)[pri:0, instance:TestCaseExecution.LoginTest@343f4d3d]" name="tearDown" is-config="true" duration-ms="19903" started-at="2021-02-16T08:57:54Z" finished-at="2021-02-16T08:58:14Z">
          <params>
            <param index="0">
              <value>
                <![CDATA[[TestResult name=TestCase_One status=FAILURE method=LoginTest.TestCase_One()[pri:0, instance:TestCaseExecution.LoginTest@343f4d3d] output={null}]]]>
              </value>
            </param>
          </params>
          <reporter-output>
          </reporter-output>
        </test-method> <!-- tearDown -->
        <test-method status="PASS" signature="endreport()[pri:0, instance:TestCaseExecution.LoginTest@343f4d3d]" name="endreport" is-config="true" duration-ms="1352" started-at="2021-02-16T08:58:14Z" finished-at="2021-02-16T08:58:16Z">
          <reporter-output>
          </reporter-output>
        </test-method> <!-- endreport -->
      </class> <!-- TestCaseExecution.LoginTest -->
    </test> <!-- Test -->
  </suite> <!-- Suite -->
</testng-results>
