<?xml version="1.0" encoding="UTF-8"?>
<testng-results skipped="0" failed="0" total="1" passed="1">
  <reporter-output>
  </reporter-output>
  <suite name="Default suite" duration-ms="125058" started-at="2021-02-15T08:21:09Z" finished-at="2021-02-15T08:23:14Z">
    <groups>
    </groups>
    <test name="Default test" duration-ms="125058" started-at="2021-02-15T08:21:09Z" finished-at="2021-02-15T08:23:14Z">
      <class name="TestCaseExecution.CreateQuizTest">
        <test-method status="PASS" signature="openbrowser()[pri:0, instance:TestCaseExecution.CreateQuizTest@6d4b1c02]" name="openbrowser" is-config="true" duration-ms="29388" started-at="2021-02-15T08:21:09Z" finished-at="2021-02-15T08:21:39Z">
          <reporter-output>
          </reporter-output>
        </test-method> <!-- openbrowser -->
        <test-method status="PASS" signature="CreateQuiz()[pri:0, instance:TestCaseExecution.CreateQuizTest@6d4b1c02]" name="CreateQuiz" duration-ms="94754" started-at="2021-02-15T08:21:39Z" finished-at="2021-02-15T08:23:13Z">
          <reporter-output>
          </reporter-output>
        </test-method> <!-- CreateQuiz -->
        <test-method status="PASS" signature="closeBrowser()[pri:0, instance:TestCaseExecution.CreateQuizTest@6d4b1c02]" name="closeBrowser" is-config="true" duration-ms="870" started-at="2021-02-15T08:23:13Z" finished-at="2021-02-15T08:23:14Z">
          <reporter-output>
          </reporter-output>
        </test-method> <!-- closeBrowser -->
      </class> <!-- TestCaseExecution.CreateQuizTest -->
    </test> <!-- Default test -->
  </suite> <!-- Default suite -->
</testng-results>
